[19Dec2024 00:26:37.086] [Server thread/INFO] [net.minecraft.server.dedicated.DedicatedServer/]: austiano was slain by The Wheezer
[19Dec2024 00:26:37.168] [Server thread/ERROR] [net.bettercombat.network.ServerNetwork/]: Server handling Packets.C2S_AttackRequest - No current attack hand!
[19Dec2024 00:26:37.169] [Server thread/ERROR] [net.bettercombat.network.ServerNetwork/]: Combo count: 0 is dual wielding: false
[19Dec2024 00:26:37.170] [Server thread/ERROR] [net.bettercombat.network.ServerNetwork/]: Main-hand stack: 1 air
[19Dec2024 00:26:37.170] [Server thread/ERROR] [net.bettercombat.network.ServerNetwork/]: Off-hand stack: 1 air
[19Dec2024 00:26:37.171] [Server thread/ERROR] [net.bettercombat.network.ServerNetwork/]: Selected slot server: 2 | client: 2
[19Dec2024 00:26:41.778] [Server thread/INFO] [net.minecraft.server.dedicated.DedicatedServer/]: No player was found
[19Dec2024 00:26:41.780] [Server thread/INFO] [tac/]: PENDING
[19Dec2024 00:29:30.082] [Server thread/INFO] [net.minecraft.server.dedicated.DedicatedServer/]: austiano was slain by Runner
[19Dec2024 00:29:31.472] [Server thread/INFO] [net.minecraft.server.dedicated.DedicatedServer/]: No player was found
[19Dec2024 00:29:31.474] [Server thread/INFO] [tac/]: PENDING
[19Dec2024 00:33:17.526] [Server thread/INFO] [net.minecraft.server.dedicated.DedicatedServer/]: austiano was slain by Runner
[19Dec2024 00:33:21.382] [Server thread/INFO] [net.minecraft.server.network.ServerGamePacketListenerImpl/]: austiano lost connection: Disconnected
[19Dec2024 00:33:21.384] [Server thread/INFO] [net.minecraft.server.dedicated.DedicatedServer/]: austiano left the game
[19Dec2024 00:33:21.385] [Server thread/INFO] [xaero.pac.OpenPartiesAndClaims/]: Updating all forceload tickets for 35dffef6-6ad5-3c9e-b1d4-a21bbf79b134
[19Dec2024 00:33:21.393] [Server thread/INFO] [readyplayerfun/]: Pausing server onPlayerLogout at 236471, 236471
[19Dec2024 00:33:21.395] [Server thread/INFO] [voicechat/]: [voicechat] Disconnecting client austiano
[19Dec2024 00:43:24.548] [Server thread/INFO] [net.minecraft.server.MinecraftServer/]: Stopping server
[19Dec2024 00:43:24.550] [Server thread/INFO] [net.minecraft.server.MinecraftServer/]: Saving players
[19Dec2024 00:43:24.551] [Server thread/INFO] [net.minecraft.server.MinecraftServer/]: Saving worlds
[19Dec2024 00:43:24.992] [Server thread/INFO] [net.minecraft.server.MinecraftServer/]: Saving chunks for level 'ServerLevel[world]'/minecraft:overworld
[19Dec2024 00:43:25.498] [Server thread/INFO] [net.minecraft.server.MinecraftServer/]: Saving chunks for level 'ServerLevel[world]'/minecraft:the_end
[19Dec2024 00:43:25.500] [Server thread/INFO] [net.minecraft.server.MinecraftServer/]: Saving chunks for level 'ServerLevel[world]'/minecraft:the_nether
[19Dec2024 00:43:25.501] [Server thread/INFO] [net.minecraft.server.MinecraftServer/]: Saving chunks for level 'ServerLevel[world]'/lostcities:lostcity
[19Dec2024 00:43:25.510] [Server thread/INFO] [net.minecraft.server.MinecraftServer/]: Saving chunks for level 'ServerLevel[world]'/deceasedcraft:abyss
[19Dec2024 00:43:25.630] [Server thread/INFO] [net.minecraft.server.MinecraftServer/]: ThreadedAnvilChunkStorage (world): All chunks are saved
[19Dec2024 00:43:25.630] [Server thread/INFO] [net.minecraft.server.MinecraftServer/]: ThreadedAnvilChunkStorage (DIM1): All chunks are saved
[19Dec2024 00:43:25.630] [Server thread/INFO] [net.minecraft.server.MinecraftServer/]: ThreadedAnvilChunkStorage (DIM-1): All chunks are saved
[19Dec2024 00:43:25.630] [Server thread/INFO] [net.minecraft.server.MinecraftServer/]: ThreadedAnvilChunkStorage (lostcity): All chunks are saved
[19Dec2024 00:43:25.631] [Server thread/INFO] [net.minecraft.server.MinecraftServer/]: ThreadedAnvilChunkStorage (abyss): All chunks are saved
[19Dec2024 00:43:25.631] [Server thread/INFO] [net.minecraft.server.MinecraftServer/]: ThreadedAnvilChunkStorage: All dimensions are saved
[19Dec2024 00:43:25.689] [Server thread/INFO] [xaero.pac.OpenPartiesAndClaims/]: Stopping IO worker...
[19Dec2024 00:43:25.697] [Server thread/INFO] [xaero.pac.OpenPartiesAndClaims/]: Stopped IO worker!
[19Dec2024 00:43:25.713] [Server thread/INFO] [configured/]: Unloading server configs...
[19Dec2024 00:43:25.714] [Server thread/INFO] [configured/]: Sending config unload event for configured.developer.toml
